# JRE version: Java(TM) SE Runtime Environment (23.0.1+11) (build 23.0.1+11-39)
# Java VM: Java HotSpot(TM) 64-Bit Server VM (23.0.1+11-39, mixed mode, sharing, tiered, compressed oops, compressed class ptrs, g1 gc, windows-amd64)
GC Precious Log:
 CardTable entry size: 512
 Card Set container configuration: InlinePtr #cards 4 size 8 Array Of Cards #cards 16 size 48 Howl #buckets 8 coarsen threshold 3686 Howl Bitmap #cards 512 size 80 coarsen threshold 460 Card regions per heap region 1 cards per card region 4096
 CPUs: 12 total, 12 available
 Memory: 14181M
 Large Page Support: Disabled
 NUMA Support: Disabled
 Compressed Oops: Enabled (Zero based)
 Heap Region Size: 2M
 Heap Min Capacity: 8M
 Heap Initial Capacity: 222M
 Heap Max Capacity: 3546M
 Pre-touch: Disabled
 Parallel Workers: 10
 Concurrent Workers: 3
 Concurrent Refinement Workers: 10
 Periodic GC: Disabled
Heap:
 garbage-first heap   total reserved 3631104K, committed 184320K, used 92331K [0x0000000722600000, 0x0000000800000000)
  region size 2048K, 11 young (22528K), 3 survivors (6144K)
 Metaspace       used 34703K, committed 35200K, reserved 1114112K
  class space    used 4043K, committed 4288K, reserved 1048576K
GC Heap History (20 events):
Event: 2.535 GC heap before
{Heap before GC invocations=2 (full 0):
 garbage-first heap   total reserved 3631104K, committed 227328K, used 70683K [0x0000000722600000, 0x0000000800000000)
  region size 2048K, 33 young (67584K), 1 survivors (2048K)
 Metaspace       used 15744K, committed 16000K, reserved 1114112K
  class space    used 1935K, committed 2048K, reserved 1048576K
}
Event: 2.542 GC heap after
{Heap after GC invocations=3 (full 0):
 garbage-first heap   total reserved 3631104K, committed 227328K, used 12733K [0x0000000722600000, 0x0000000800000000)
  region size 2048K, 5 young (10240K), 5 survivors (10240K)
 Metaspace       used 15744K, committed 16000K, reserved 1114112K
  class space    used 1935K, committed 2048K, reserved 1048576K
}
Event: 3.383 GC heap before
{Heap before GC invocations=3 (full 0):
 garbage-first heap   total reserved 3631104K, committed 227328K, used 72125K [0x0000000722600000, 0x0000000800000000)
  region size 2048K, 34 young (69632K), 5 survivors (10240K)
 Metaspace       used 16393K, committed 16640K, reserved 1114112K
  class space    used 1952K, committed 2048K, reserved 1048576K
}
Event: 3.390 GC heap after
{Heap after GC invocations=4 (full 0):
 garbage-first heap   total reserved 3631104K, committed 227328K, used 16899K [0x0000000722600000, 0x0000000800000000)
  region size 2048K, 2 young (4096K), 2 survivors (4096K)
 Metaspace       used 16393K, committed 16640K, reserved 1114112K
  class space    used 1952K, committed 2048K, reserved 1048576K
}
Event: 5.043 GC heap before
{Heap before GC invocations=4 (full 0):
 garbage-first heap   total reserved 3631104K, committed 227328K, used 84483K [0x0000000722600000, 0x0000000800000000)
  region size 2048K, 34 young (69632K), 2 survivors (4096K)
 Metaspace       used 21191K, committed 21504K, reserved 1114112K
  class space    used 2526K, committed 2688K, reserved 1048576K
}
Event: 5.049 GC heap after
{Heap after GC invocations=5 (full 0):
 garbage-first heap   total reserved 3631104K, committed 227328K, used 27338K [0x0000000722600000, 0x0000000800000000)
  region size 2048K, 5 young (10240K), 5 survivors (10240K)
 Metaspace       used 21191K, committed 21504K, reserved 1114112K
  class space    used 2526K, committed 2688K, reserved 1048576K
}
Event: 6.561 GC heap before
{Heap before GC invocations=6 (full 0):
 garbage-first heap   total reserved 3631104K, committed 96256K, used 94922K [0x0000000722600000, 0x0000000800000000)
  region size 2048K, 38 young (77824K), 5 survivors (10240K)
 Metaspace       used 26955K, committed 27392K, reserved 1114112K
  class space    used 3170K, committed 3392K, reserved 1048576K
}
Event: 6.591 GC heap after
{Heap after GC invocations=7 (full 0):
 garbage-first heap   total reserved 3631104K, committed 131072K, used 49085K [0x0000000722600000, 0x0000000800000000)
  region size 2048K, 9 young (18432K), 9 survivors (18432K)
 Metaspace       used 26955K, committed 27392K, reserved 1114112K
  class space    used 3170K, committed 3392K, reserved 1048576K
}
Event: 7.529 GC heap before
{Heap before GC invocations=7 (full 0):
 garbage-first heap   total reserved 3631104K, committed 131072K, used 96189K [0x0000000722600000, 0x0000000800000000)
  region size 2048K, 32 young (65536K), 9 survivors (18432K)
 Metaspace       used 29446K, committed 29824K, reserved 1114112K
  class space    used 3408K, committed 3584K, reserved 1048576K
}
Event: 7.543 GC heap after
{Heap after GC invocations=8 (full 0):
 garbage-first heap   total reserved 3631104K, committed 131072K, used 57957K [0x0000000722600000, 0x0000000800000000)
  region size 2048K, 4 young (8192K), 4 survivors (8192K)
 Metaspace       used 29446K, committed 29824K, reserved 1114112K
  class space    used 3408K, committed 3584K, reserved 1048576K
}
Event: 8.138 GC heap before
{Heap before GC invocations=8 (full 0):
 garbage-first heap   total reserved 3631104K, committed 131072K, used 100965K [0x0000000722600000, 0x0000000800000000)
  region size 2048K, 25 young (51200K), 4 survivors (8192K)
 Metaspace       used 29661K, committed 30080K, reserved 1114112K
  class space    used 3430K, committed 3648K, reserved 1048576K
}
Event: 8.150 GC heap after
{Heap after GC invocations=9 (full 0):
 garbage-first heap   total reserved 3631104K, committed 131072K, used 76180K [0x0000000722600000, 0x0000000800000000)
  region size 2048K, 4 young (8192K), 4 survivors (8192K)
 Metaspace       used 29661K, committed 30080K, reserved 1114112K
  class space    used 3430K, committed 3648K, reserved 1048576K
}
Event: 8.421 GC heap before
{Heap before GC invocations=9 (full 0):
 garbage-first heap   total reserved 3631104K, committed 131072K, used 100756K [0x0000000722600000, 0x0000000800000000)
  region size 2048K, 17 young (34816K), 4 survivors (8192K)
 Metaspace       used 29670K, committed 30080K, reserved 1114112K
  class space    used 3430K, committed 3648K, reserved 1048576K
}
Event: 8.428 GC heap after
{Heap after GC invocations=10 (full 0):
 garbage-first heap   total reserved 3631104K, committed 131072K, used 86500K [0x0000000722600000, 0x0000000800000000)
  region size 2048K, 3 young (6144K), 3 survivors (6144K)
 Metaspace       used 29670K, committed 30080K, reserved 1114112K
  class space    used 3430K, committed 3648K, reserved 1048576K
}
Event: 8.788 GC heap before
{Heap before GC invocations=11 (full 0):
 garbage-first heap   total reserved 3631104K, committed 147456K, used 106980K [0x0000000722600000, 0x0000000800000000)
  region size 2048K, 14 young (28672K), 3 survivors (6144K)
 Metaspace       used 29704K, committed 30144K, reserved 1114112K
  class space    used 3430K, committed 3648K, reserved 1048576K
}
Event: 8.794 GC heap after
{Heap after GC invocations=12 (full 0):
 garbage-first heap   total reserved 3631104K, committed 147456K, used 88573K [0x0000000722600000, 0x0000000800000000)
  region size 2048K, 2 young (4096K), 2 survivors (4096K)
 Metaspace       used 29704K, committed 30144K, reserved 1114112K
  class space    used 3430K, committed 3648K, reserved 1048576K
}
Event: 9.527 GC heap before
{Heap before GC invocations=12 (full 0):
 garbage-first heap   total reserved 3631104K, committed 147456K, used 121341K [0x0000000722600000, 0x0000000800000000)
  region size 2048K, 18 young (36864K), 2 survivors (4096K)
 Metaspace       used 31923K, committed 32384K, reserved 1114112K
  class space    used 3709K, committed 3904K, reserved 1048576K
}
Event: 9.533 GC heap after
{Heap after GC invocations=13 (full 0):
 garbage-first heap   total reserved 3631104K, committed 178176K, used 80548K [0x0000000722600000, 0x0000000800000000)
  region size 2048K, 2 young (4096K), 2 survivors (4096K)
 Metaspace       used 31923K, committed 32384K, reserved 1114112K
  class space    used 3709K, committed 3904K, reserved 1048576K
}
Event: 10.540 GC heap before
{Heap before GC invocations=13 (full 0):
 garbage-first heap   total reserved 3631104K, committed 178176K, used 170660K [0x0000000722600000, 0x0000000800000000)
  region size 2048K, 32 young (65536K), 2 survivors (4096K)
 Metaspace       used 34219K, committed 34688K, reserved 1114112K
  class space    used 3996K, committed 4224K, reserved 1048576K
}
Event: 10.546 GC heap after
{Heap after GC invocations=14 (full 0):
 garbage-first heap   total reserved 3631104K, committed 184320K, used 77995K [0x0000000722600000, 0x0000000800000000)
  region size 2048K, 3 young (6144K), 3 survivors (6144K)
 Metaspace       used 34219K, committed 34688K, reserved 1114112K
  class space    used 3996K, committed 4224K, reserved 1048576K
}

